<?xml version="1.0" encoding="UTF-8"?>
<!-- Generated by org.testng.reporters.JUnitReportReporter -->
<testsuite hostname="ATMECSINDT-060" name="package1.TwitterTest" tests="1" failures="0" timestamp="9 Apr 2014 05:32:50 GMT" time="10.493" errors="0">
  <testcase name="verifySearch" time="10.493" classname="package1.TwitterTest"/>
</testsuite> <!-- package1.TwitterTest -->
